<?xml version="1.0" encoding="UTF-8"?>
<!-- Generated by org.testng.reporters.JUnitReportReporter -->
<testsuite skipped="0" hostname="Kavita" name="testcases.SecurePay" tests="2" failures="0" timestamp="03 Mar 2020 13:21:46 GMT" time="23.845" errors="0">
  <testcase name="searchAndClick" time="21.499" classname="testcases.SecurePay"/>
  <testcase name="validateContactUsForm" time="2.346" classname="testcases.SecurePay"/>
</testsuite> <!-- testcases.SecurePay -->
