<?xml version="1.0" encoding="UTF-8"?>
<!-- Generated by org.testng.reporters.JUnitReportReporter -->
<testsuite skipped="0" hostname="Kavita" name="testcases.TestCase" tests="2" failures="0" timestamp="03 Mar 2020 12:10:59 GMT" time="0.041" errors="0">
  <testcase name="userRegTest" time="0.018" classname="testcases.TestCase"/>
  <testcase name="loginTest" time="0.023" classname="testcases.TestCase"/>
</testsuite> <!-- testcases.TestCase -->
